<<<<<<< HEAD
2020-02-03 12:02:05 INFO  DQIAutomationApplication:31 - main class running successfully
2020-02-03 12:02:27 INFO  MainFrame:396 - JIRA File extension correct
2020-02-03 12:02:27 INFO  MainFrame:433 - QA File extension correct
2020-02-03 12:02:27 INFO  DQIDataProcessor:61 - Application started successfully
2020-02-03 12:02:27 INFO  JiraDevTeamDataReader:73 - jira collection reader running successfully
2020-02-03 12:02:27 INFO  QATeamDataReader:178 - QA team data has been read
2020-02-03 12:02:27 INFO  DevTeamDataAggregator:69 - Development team data aggregated successfully
2020-02-03 12:02:27 INFO  QATeamDataAggregator:71 - QA team data aggregated successfully
2020-02-03 12:02:27 INFO  BaseMeasuresCalculator:44 - basemeasures calculated
2020-02-03 12:02:27 INFO  SetupParametersCalculator:89 - Setup parameters calculated successfully
2020-02-03 12:02:39 INFO  GetDaysAndHours:170 - GetDaysAndHours class running successfully
2020-02-03 12:02:39 INFO  GetDaysAndHours:170 - GetDaysAndHours class running successfully
2020-02-03 12:02:39 INFO  GetDaysAndHours:170 - GetDaysAndHours class running successfully
2020-02-03 12:02:39 INFO  GetDaysAndHours:170 - GetDaysAndHours class running successfully
2020-02-03 12:02:39 INFO  GetDaysAndHours:170 - GetDaysAndHours class running successfully
2020-02-03 12:02:39 INFO  GetDaysAndHours:170 - GetDaysAndHours class running successfully
2020-02-03 12:02:39 INFO  GetDaysAndHours:170 - GetDaysAndHours class running successfully
2020-02-03 12:02:39 INFO  GetDaysAndHours:170 - GetDaysAndHours class running successfully
2020-02-03 12:02:39 INFO  GetDaysAndHours:170 - GetDaysAndHours class running successfully
2020-02-03 12:02:39 INFO  GetDaysAndHours:170 - GetDaysAndHours class running successfully
2020-02-03 12:02:39 INFO  GetDaysAndHours:170 - GetDaysAndHours class running successfully
2020-02-03 12:02:39 INFO  GetDaysAndHours:170 - GetDaysAndHours class running successfully
2020-02-03 12:02:39 INFO  GetDaysAndHours:170 - GetDaysAndHours class running successfully
2020-02-03 12:02:39 INFO  GetDaysAndHours:170 - GetDaysAndHours class running successfully
2020-02-03 12:02:39 INFO  GetDaysAndHours:170 - GetDaysAndHours class running successfully
2020-02-03 12:02:39 INFO  GetDaysAndHours:170 - GetDaysAndHours class running successfully
2020-02-03 12:02:39 INFO  GetDaysAndHours:170 - GetDaysAndHours class running successfully
2020-02-03 12:02:39 INFO  GetDaysAndHours:170 - GetDaysAndHours class running successfully
2020-02-03 12:02:39 INFO  GetDaysAndHours:170 - GetDaysAndHours class running successfully
2020-02-03 12:02:39 INFO  GetDaysAndHours:170 - GetDaysAndHours class running successfully
2020-02-03 12:02:39 INFO  GetDaysAndHours:170 - GetDaysAndHours class running successfully
2020-02-03 12:02:39 INFO  GetDaysAndHours:170 - GetDaysAndHours class running successfully
2020-02-03 12:02:39 INFO  GetDaysAndHours:170 - GetDaysAndHours class running successfully
2020-02-03 12:02:39 INFO  GetDaysAndHours:170 - GetDaysAndHours class running successfully
2020-02-03 12:02:39 INFO  GetDaysAndHours:170 - GetDaysAndHours class running successfully
2020-02-03 12:02:39 INFO  GetDaysAndHours:170 - GetDaysAndHours class running successfully
2020-02-03 12:02:39 INFO  GetDaysAndHours:170 - GetDaysAndHours class running successfully
2020-02-03 12:02:39 INFO  GetDaysAndHours:170 - GetDaysAndHours class running successfully
2020-02-03 12:02:39 INFO  GetDaysAndHours:170 - GetDaysAndHours class running successfully
2020-02-03 12:02:39 INFO  GetDaysAndHours:170 - GetDaysAndHours class running successfully
2020-02-03 12:02:39 INFO  GetDaysAndHours:170 - GetDaysAndHours class running successfully
2020-02-03 12:02:39 INFO  GetDaysAndHours:170 - GetDaysAndHours class running successfully
2020-02-03 12:02:39 INFO  GetDaysAndHours:170 - GetDaysAndHours class running successfully
2020-02-03 12:02:39 INFO  GetDaysAndHours:170 - GetDaysAndHours class running successfully
2020-02-03 12:02:39 INFO  GetDaysAndHours:170 - GetDaysAndHours class running successfully
2020-02-03 12:02:39 INFO  GetDaysAndHours:170 - GetDaysAndHours class running successfully
2020-02-03 12:02:39 INFO  GetDaysAndHours:170 - GetDaysAndHours class running successfully
2020-02-03 12:02:39 INFO  GetDaysAndHours:170 - GetDaysAndHours class running successfully
2020-02-03 12:02:39 INFO  GetDaysAndHours:170 - GetDaysAndHours class running successfully
2020-02-03 12:02:39 INFO  GetDaysAndHours:170 - GetDaysAndHours class running successfully
2020-02-03 12:02:39 INFO  GetDaysAndHours:170 - GetDaysAndHours class running successfully
2020-02-03 12:02:39 INFO  GetDaysAndHours:170 - GetDaysAndHours class running successfully
2020-02-03 12:02:39 INFO  GetDaysAndHours:170 - GetDaysAndHours class running successfully
2020-02-03 12:02:39 INFO  GetDaysAndHours:170 - GetDaysAndHours class running successfully
2020-02-03 12:02:39 INFO  GetDaysAndHours:170 - GetDaysAndHours class running successfully
2020-02-03 12:02:39 INFO  GetDaysAndHours:170 - GetDaysAndHours class running successfully
2020-02-03 12:02:39 INFO  GetDaysAndHours:170 - GetDaysAndHours class running successfully
2020-02-03 12:02:39 INFO  GetDaysAndHours:170 - GetDaysAndHours class running successfully
2020-02-03 12:02:39 INFO  GetDaysAndHours:170 - GetDaysAndHours class running successfully
2020-02-03 12:02:39 INFO  GetDaysAndHours:170 - GetDaysAndHours class running successfully
2020-02-03 12:02:39 INFO  GetDaysAndHours:170 - GetDaysAndHours class running successfully
2020-02-03 12:02:39 INFO  GetDaysAndHours:170 - GetDaysAndHours class running successfully
2020-02-03 12:02:39 INFO  GetDaysAndHours:170 - GetDaysAndHours class running successfully
2020-02-03 12:02:39 INFO  GetDaysAndHours:170 - GetDaysAndHours class running successfully
2020-02-03 12:02:39 INFO  GetDaysAndHours:170 - GetDaysAndHours class running successfully
2020-02-03 12:02:39 INFO  GetDaysAndHours:170 - GetDaysAndHours class running successfully
2020-02-03 12:02:39 INFO  GetDaysAndHours:170 - GetDaysAndHours class running successfully
2020-02-03 12:02:39 INFO  GetDaysAndHours:170 - GetDaysAndHours class running successfully
2020-02-03 12:02:39 INFO  GetDaysAndHours:170 - GetDaysAndHours class running successfully
2020-02-03 12:02:39 INFO  GetDaysAndHours:170 - GetDaysAndHours class running successfully
2020-02-03 12:02:39 INFO  GetDaysAndHours:170 - GetDaysAndHours class running successfully
2020-02-03 12:02:39 INFO  GetDaysAndHours:170 - GetDaysAndHours class running successfully
2020-02-03 12:02:39 INFO  GetDaysAndHours:170 - GetDaysAndHours class running successfully
2020-02-03 12:02:39 INFO  GetDaysAndHours:170 - GetDaysAndHours class running successfully
2020-02-03 12:02:39 INFO  GetDaysAndHours:170 - GetDaysAndHours class running successfully
2020-02-03 12:02:39 INFO  GetDaysAndHours:170 - GetDaysAndHours class running successfully
2020-02-03 12:02:39 INFO  GetDaysAndHours:170 - GetDaysAndHours class running successfully
2020-02-03 12:02:39 INFO  GetDaysAndHours:170 - GetDaysAndHours class running successfully
2020-02-03 12:02:39 INFO  GetDaysAndHours:170 - GetDaysAndHours class running successfully
2020-02-03 12:02:39 INFO  GetDaysAndHours:170 - GetDaysAndHours class running successfully
2020-02-03 12:02:39 INFO  GetDaysAndHours:170 - GetDaysAndHours class running successfully
2020-02-03 13:15:03 INFO  DQIAutomationApplication:31 - main class running successfully
2020-02-03 13:15:40 INFO  MainFrame:396 - JIRA File extension correct
2020-02-03 13:15:40 INFO  MainFrame:433 - QA File extension correct
2020-02-03 13:15:40 INFO  DQIDataProcessor:61 - Application started successfully
2020-02-03 13:15:40 INFO  JiraDevTeamDataReader:73 - jira collection reader running successfully
2020-02-03 13:15:41 INFO  QATeamDataReader:178 - QA team data has been read
2020-02-03 13:15:41 INFO  DevTeamDataAggregator:69 - Development team data aggregated successfully
2020-02-03 13:15:41 INFO  QATeamDataAggregator:71 - QA team data aggregated successfully
2020-02-03 13:15:41 INFO  BaseMeasuresCalculator:44 - basemeasures calculated
2020-02-03 13:15:41 INFO  SetupParametersCalculator:89 - Setup parameters calculated successfully
2020-02-03 13:15:48 INFO  DQIDataProcessor:61 - Application started successfully
2020-02-03 13:15:48 INFO  JiraDevTeamDataReader:73 - jira collection reader running successfully
2020-02-03 13:15:48 INFO  QATeamDataReader:178 - QA team data has been read
2020-02-03 13:15:48 INFO  DevTeamDataAggregator:69 - Development team data aggregated successfully
2020-02-03 13:15:48 INFO  QATeamDataAggregator:71 - QA team data aggregated successfully
2020-02-03 13:15:48 INFO  BaseMeasuresCalculator:44 - basemeasures calculated
2020-02-03 13:15:48 INFO  SetupParametersCalculator:89 - Setup parameters calculated successfully
2020-02-03 13:15:48 INFO  DQIDataWriter:438 - Data written successfully in excel
2020-02-03 13:21:09 INFO  MainFrame:396 - JIRA File extension correct
2020-02-03 13:21:09 INFO  MainFrame:433 - QA File extension correct
2020-02-03 13:21:09 INFO  DQIDataProcessor:61 - Application started successfully
2020-02-03 13:21:09 INFO  JiraDevTeamDataReader:73 - jira collection reader running successfully
2020-02-03 13:21:09 INFO  QATeamDataReader:178 - QA team data has been read
2020-02-03 13:21:09 INFO  DevTeamDataAggregator:69 - Development team data aggregated successfully
2020-02-03 13:21:09 INFO  QATeamDataAggregator:71 - QA team data aggregated successfully
2020-02-03 13:21:09 INFO  BaseMeasuresCalculator:44 - basemeasures calculated
2020-02-03 13:21:09 INFO  SetupParametersCalculator:89 - Setup parameters calculated successfully
2020-02-03 13:21:14 INFO  DQIDataProcessor:61 - Application started successfully
2020-02-03 13:21:14 INFO  JiraDevTeamDataReader:73 - jira collection reader running successfully
2020-02-03 13:21:14 INFO  QATeamDataReader:178 - QA team data has been read
2020-02-03 13:21:14 INFO  DevTeamDataAggregator:69 - Development team data aggregated successfully
2020-02-03 13:21:14 INFO  QATeamDataAggregator:71 - QA team data aggregated successfully
2020-02-03 13:21:14 INFO  BaseMeasuresCalculator:44 - basemeasures calculated
2020-02-03 13:21:14 INFO  SetupParametersCalculator:89 - Setup parameters calculated successfully
2020-02-03 13:21:14 INFO  DQIDataWriter:438 - Data written successfully in excel
2020-02-03 13:25:02 INFO  MainFrame:396 - JIRA File extension correct
2020-02-03 13:25:02 INFO  MainFrame:433 - QA File extension correct
2020-02-03 13:25:02 INFO  DQIDataProcessor:61 - Application started successfully
2020-02-03 13:25:02 INFO  JiraDevTeamDataReader:73 - jira collection reader running successfully
2020-02-03 13:25:02 ERROR QATeamDataReader:174 - Invalid excelsheet.
java.lang.NullPointerException
	at com.dqi.reader.QATeamDataReader.readQaTeamData(QATeamDataReader.java:107)
	at com.dqi.process.DQIDataProcessor.process(DQIDataProcessor.java:73)
	at com.burndown.ui.MainFrame.actionPerformed(MainFrame.java:435)
	at javax.swing.AbstractButton.fireActionPerformed(Unknown Source)
	at javax.swing.AbstractButton$Handler.actionPerformed(Unknown Source)
	at javax.swing.DefaultButtonModel.fireActionPerformed(Unknown Source)
	at javax.swing.DefaultButtonModel.setPressed(Unknown Source)
	at javax.swing.plaf.basic.BasicButtonListener.mouseReleased(Unknown Source)
	at com.jtattoo.plaf.BaseButtonListener.mouseReleased(BaseButtonListener.java:60)
	at java.awt.AWTEventMulticaster.mouseReleased(Unknown Source)
	at java.awt.Component.processMouseEvent(Unknown Source)
	at javax.swing.JComponent.processMouseEvent(Unknown Source)
	at java.awt.Component.processEvent(Unknown Source)
	at java.awt.Container.processEvent(Unknown Source)
	at java.awt.Component.dispatchEventImpl(Unknown Source)
	at java.awt.Container.dispatchEventImpl(Unknown Source)
	at java.awt.Component.dispatchEvent(Unknown Source)
	at java.awt.LightweightDispatcher.retargetMouseEvent(Unknown Source)
	at java.awt.LightweightDispatcher.processMouseEvent(Unknown Source)
	at java.awt.LightweightDispatcher.dispatchEvent(Unknown Source)
	at java.awt.Container.dispatchEventImpl(Unknown Source)
	at java.awt.Window.dispatchEventImpl(Unknown Source)
	at java.awt.Component.dispatchEvent(Unknown Source)
	at java.awt.EventQueue.dispatchEventImpl(Unknown Source)
	at java.awt.EventQueue.access$500(Unknown Source)
	at java.awt.EventQueue$3.run(Unknown Source)
	at java.awt.EventQueue$3.run(Unknown Source)
	at java.security.AccessController.doPrivileged(Native Method)
	at java.security.ProtectionDomain$JavaSecurityAccessImpl.doIntersectionPrivilege(Unknown Source)
	at java.security.ProtectionDomain$JavaSecurityAccessImpl.doIntersectionPrivilege(Unknown Source)
	at java.awt.EventQueue$4.run(Unknown Source)
	at java.awt.EventQueue$4.run(Unknown Source)
	at java.security.AccessController.doPrivileged(Native Method)
	at java.security.ProtectionDomain$JavaSecurityAccessImpl.doIntersectionPrivilege(Unknown Source)
	at java.awt.EventQueue.dispatchEvent(Unknown Source)
	at java.awt.EventDispatchThread.pumpOneEventForFilters(Unknown Source)
	at java.awt.EventDispatchThread.pumpEventsForFilter(Unknown Source)
	at java.awt.EventDispatchThread.pumpEventsForHierarchy(Unknown Source)
	at java.awt.EventDispatchThread.pumpEvents(Unknown Source)
	at java.awt.EventDispatchThread.pumpEvents(Unknown Source)
	at java.awt.EventDispatchThread.run(Unknown Source)
2020-02-03 13:25:02 INFO  QATeamDataReader:178 - QA team data has been read
2020-02-03 13:25:02 INFO  DevTeamDataAggregator:69 - Development team data aggregated successfully
2020-02-03 13:25:02 INFO  QATeamDataAggregator:71 - QA team data aggregated successfully
2020-02-03 13:25:02 INFO  BaseMeasuresCalculator:44 - basemeasures calculated
2020-02-03 13:25:02 INFO  SetupParametersCalculator:89 - Setup parameters calculated successfully
2020-02-03 13:25:08 INFO  DQIDataProcessor:61 - Application started successfully
2020-02-03 13:25:08 INFO  JiraDevTeamDataReader:73 - jira collection reader running successfully
2020-02-03 13:25:08 ERROR QATeamDataReader:174 - Invalid excelsheet.
java.lang.NullPointerException
	at com.dqi.reader.QATeamDataReader.readQaTeamData(QATeamDataReader.java:107)
	at com.dqi.process.DQIDataProcessor.process(DQIDataProcessor.java:73)
	at com.burndown.ui.DQISaveFrame.actionPerformed(DQISaveFrame.java:93)
	at javax.swing.AbstractButton.fireActionPerformed(Unknown Source)
	at javax.swing.AbstractButton$Handler.actionPerformed(Unknown Source)
	at javax.swing.DefaultButtonModel.fireActionPerformed(Unknown Source)
	at javax.swing.DefaultButtonModel.setPressed(Unknown Source)
	at javax.swing.plaf.basic.BasicButtonListener.mouseReleased(Unknown Source)
	at com.jtattoo.plaf.BaseButtonListener.mouseReleased(BaseButtonListener.java:60)
	at java.awt.Component.processMouseEvent(Unknown Source)
	at javax.swing.JComponent.processMouseEvent(Unknown Source)
	at java.awt.Component.processEvent(Unknown Source)
	at java.awt.Container.processEvent(Unknown Source)
	at java.awt.Component.dispatchEventImpl(Unknown Source)
	at java.awt.Container.dispatchEventImpl(Unknown Source)
	at java.awt.Component.dispatchEvent(Unknown Source)
	at java.awt.LightweightDispatcher.retargetMouseEvent(Unknown Source)
	at java.awt.LightweightDispatcher.processMouseEvent(Unknown Source)
	at java.awt.LightweightDispatcher.dispatchEvent(Unknown Source)
	at java.awt.Container.dispatchEventImpl(Unknown Source)
	at java.awt.Window.dispatchEventImpl(Unknown Source)
	at java.awt.Component.dispatchEvent(Unknown Source)
	at java.awt.EventQueue.dispatchEventImpl(Unknown Source)
	at java.awt.EventQueue.access$500(Unknown Source)
	at java.awt.EventQueue$3.run(Unknown Source)
	at java.awt.EventQueue$3.run(Unknown Source)
	at java.security.AccessController.doPrivileged(Native Method)
	at java.security.ProtectionDomain$JavaSecurityAccessImpl.doIntersectionPrivilege(Unknown Source)
	at java.security.ProtectionDomain$JavaSecurityAccessImpl.doIntersectionPrivilege(Unknown Source)
	at java.awt.EventQueue$4.run(Unknown Source)
	at java.awt.EventQueue$4.run(Unknown Source)
	at java.security.AccessController.doPrivileged(Native Method)
	at java.security.ProtectionDomain$JavaSecurityAccessImpl.doIntersectionPrivilege(Unknown Source)
	at java.awt.EventQueue.dispatchEvent(Unknown Source)
	at java.awt.EventDispatchThread.pumpOneEventForFilters(Unknown Source)
	at java.awt.EventDispatchThread.pumpEventsForFilter(Unknown Source)
	at java.awt.EventDispatchThread.pumpEventsForHierarchy(Unknown Source)
	at java.awt.EventDispatchThread.pumpEvents(Unknown Source)
	at java.awt.EventDispatchThread.pumpEvents(Unknown Source)
	at java.awt.EventDispatchThread.run(Unknown Source)
2020-02-03 13:25:08 INFO  QATeamDataReader:178 - QA team data has been read
2020-02-03 13:25:08 INFO  DevTeamDataAggregator:69 - Development team data aggregated successfully
2020-02-03 13:25:08 INFO  QATeamDataAggregator:71 - QA team data aggregated successfully
2020-02-03 13:25:08 INFO  BaseMeasuresCalculator:44 - basemeasures calculated
2020-02-03 13:25:08 INFO  SetupParametersCalculator:89 - Setup parameters calculated successfully
2020-02-03 13:25:08 INFO  DQIDataWriter:438 - Data written successfully in excel
2020-02-03 13:27:58 INFO  MainFrame:396 - JIRA File extension correct
2020-02-03 13:27:58 INFO  MainFrame:433 - QA File extension correct
2020-02-03 13:27:58 INFO  DQIDataProcessor:61 - Application started successfully
2020-02-03 13:27:58 INFO  JiraDevTeamDataReader:73 - jira collection reader running successfully
2020-02-03 13:27:58 INFO  QATeamDataReader:178 - QA team data has been read
2020-02-03 13:27:58 INFO  DevTeamDataAggregator:69 - Development team data aggregated successfully
2020-02-03 13:27:58 INFO  QATeamDataAggregator:71 - QA team data aggregated successfully
2020-02-03 13:27:58 INFO  BaseMeasuresCalculator:44 - basemeasures calculated
2020-02-03 13:27:58 INFO  SetupParametersCalculator:89 - Setup parameters calculated successfully
2020-02-03 13:28:01 INFO  DQIDataProcessor:61 - Application started successfully
2020-02-03 13:28:01 INFO  JiraDevTeamDataReader:73 - jira collection reader running successfully
2020-02-03 13:28:01 INFO  QATeamDataReader:178 - QA team data has been read
2020-02-03 13:28:01 INFO  DevTeamDataAggregator:69 - Development team data aggregated successfully
2020-02-03 13:28:01 INFO  QATeamDataAggregator:71 - QA team data aggregated successfully
2020-02-03 13:28:01 INFO  BaseMeasuresCalculator:44 - basemeasures calculated
2020-02-03 13:28:01 INFO  SetupParametersCalculator:89 - Setup parameters calculated successfully
2020-02-03 13:28:01 INFO  DQIDataWriter:438 - Data written successfully in excel
2020-02-03 13:29:53 INFO  MainFrame:396 - JIRA File extension correct
2020-02-03 13:29:53 INFO  MainFrame:433 - QA File extension correct
2020-02-03 13:29:53 INFO  DQIDataProcessor:61 - Application started successfully
2020-02-03 13:29:53 INFO  JiraDevTeamDataReader:73 - jira collection reader running successfully
2020-02-03 13:29:53 INFO  QATeamDataReader:178 - QA team data has been read
2020-02-03 13:29:53 INFO  DevTeamDataAggregator:69 - Development team data aggregated successfully
2020-02-03 13:29:53 INFO  QATeamDataAggregator:71 - QA team data aggregated successfully
2020-02-03 13:29:53 INFO  BaseMeasuresCalculator:44 - basemeasures calculated
2020-02-03 13:29:53 INFO  SetupParametersCalculator:89 - Setup parameters calculated successfully
2020-02-03 13:29:56 INFO  DQIDataProcessor:61 - Application started successfully
2020-02-03 13:29:56 INFO  JiraDevTeamDataReader:73 - jira collection reader running successfully
2020-02-03 13:29:56 INFO  QATeamDataReader:178 - QA team data has been read
2020-02-03 13:29:56 INFO  DevTeamDataAggregator:69 - Development team data aggregated successfully
2020-02-03 13:29:56 INFO  QATeamDataAggregator:71 - QA team data aggregated successfully
2020-02-03 13:29:56 INFO  BaseMeasuresCalculator:44 - basemeasures calculated
2020-02-03 13:29:56 INFO  SetupParametersCalculator:89 - Setup parameters calculated successfully
2020-02-03 13:29:56 INFO  DQIDataWriter:438 - Data written successfully in excel
2020-02-03 13:34:51 INFO  MainFrame:396 - JIRA File extension correct
2020-02-03 13:34:51 INFO  MainFrame:433 - QA File extension correct
2020-02-03 13:34:51 INFO  DQIDataProcessor:61 - Application started successfully
2020-02-03 13:34:51 INFO  JiraDevTeamDataReader:73 - jira collection reader running successfully
2020-02-03 13:34:51 INFO  QATeamDataReader:178 - QA team data has been read
2020-02-03 13:34:51 INFO  DevTeamDataAggregator:69 - Development team data aggregated successfully
2020-02-03 13:34:51 INFO  QATeamDataAggregator:71 - QA team data aggregated successfully
2020-02-03 13:34:51 INFO  BaseMeasuresCalculator:44 - basemeasures calculated
2020-02-03 13:34:51 INFO  SetupParametersCalculator:89 - Setup parameters calculated successfully
2020-02-03 13:34:55 INFO  DQIDataProcessor:61 - Application started successfully
2020-02-03 13:34:55 INFO  JiraDevTeamDataReader:73 - jira collection reader running successfully
2020-02-03 13:34:55 INFO  QATeamDataReader:178 - QA team data has been read
2020-02-03 13:34:55 INFO  DevTeamDataAggregator:69 - Development team data aggregated successfully
2020-02-03 13:34:55 INFO  QATeamDataAggregator:71 - QA team data aggregated successfully
2020-02-03 13:34:55 INFO  BaseMeasuresCalculator:44 - basemeasures calculated
2020-02-03 13:34:55 INFO  SetupParametersCalculator:89 - Setup parameters calculated successfully
2020-02-03 13:34:55 INFO  DQIDataWriter:438 - Data written successfully in excel
2020-02-03 13:36:22 INFO  MainFrame:396 - JIRA File extension correct
2020-02-03 13:36:22 INFO  MainFrame:433 - QA File extension correct
2020-02-03 13:36:22 INFO  DQIDataProcessor:61 - Application started successfully
2020-02-03 13:36:22 INFO  JiraDevTeamDataReader:73 - jira collection reader running successfully
2020-02-03 13:36:22 INFO  QATeamDataReader:178 - QA team data has been read
2020-02-03 13:36:22 INFO  DevTeamDataAggregator:69 - Development team data aggregated successfully
2020-02-03 13:36:22 INFO  QATeamDataAggregator:71 - QA team data aggregated successfully
2020-02-03 13:36:22 INFO  BaseMeasuresCalculator:44 - basemeasures calculated
2020-02-03 13:36:22 INFO  SetupParametersCalculator:89 - Setup parameters calculated successfully
2020-02-03 13:36:26 INFO  DQIDataProcessor:61 - Application started successfully
2020-02-03 13:36:26 INFO  JiraDevTeamDataReader:73 - jira collection reader running successfully
2020-02-03 13:36:26 INFO  QATeamDataReader:178 - QA team data has been read
2020-02-03 13:36:26 INFO  DevTeamDataAggregator:69 - Development team data aggregated successfully
2020-02-03 13:36:26 INFO  QATeamDataAggregator:71 - QA team data aggregated successfully
2020-02-03 13:36:26 INFO  BaseMeasuresCalculator:44 - basemeasures calculated
2020-02-03 13:36:26 INFO  SetupParametersCalculator:89 - Setup parameters calculated successfully
2020-02-03 13:36:26 INFO  DQIDataWriter:438 - Data written successfully in excel
2020-02-03 13:40:20 INFO  MainFrame:396 - JIRA File extension correct
2020-02-03 13:40:20 INFO  MainFrame:433 - QA File extension correct
2020-02-03 13:40:20 INFO  DQIDataProcessor:61 - Application started successfully
2020-02-03 13:40:20 INFO  JiraDevTeamDataReader:73 - jira collection reader running successfully
2020-02-03 13:40:20 INFO  QATeamDataReader:178 - QA team data has been read
2020-02-03 13:40:20 INFO  DevTeamDataAggregator:69 - Development team data aggregated successfully
2020-02-03 13:40:20 INFO  QATeamDataAggregator:71 - QA team data aggregated successfully
2020-02-03 13:40:20 INFO  BaseMeasuresCalculator:44 - basemeasures calculated
2020-02-03 13:40:20 INFO  SetupParametersCalculator:89 - Setup parameters calculated successfully
2020-02-03 13:40:25 INFO  DQIDataProcessor:61 - Application started successfully
2020-02-03 13:40:25 INFO  JiraDevTeamDataReader:73 - jira collection reader running successfully
2020-02-03 13:40:25 INFO  QATeamDataReader:178 - QA team data has been read
2020-02-03 13:40:25 INFO  DevTeamDataAggregator:69 - Development team data aggregated successfully
2020-02-03 13:40:25 INFO  QATeamDataAggregator:71 - QA team data aggregated successfully
2020-02-03 13:40:25 INFO  BaseMeasuresCalculator:44 - basemeasures calculated
2020-02-03 13:40:25 INFO  SetupParametersCalculator:89 - Setup parameters calculated successfully
2020-02-03 13:40:25 INFO  DQIDataWriter:438 - Data written successfully in excel
2020-02-03 13:47:29 INFO  MainFrame:396 - JIRA File extension correct
2020-02-03 13:47:29 INFO  MainFrame:433 - QA File extension correct
2020-02-03 13:47:29 INFO  DQIDataProcessor:61 - Application started successfully
2020-02-03 13:47:29 INFO  JiraDevTeamDataReader:73 - jira collection reader running successfully
2020-02-03 13:47:29 INFO  QATeamDataReader:178 - QA team data has been read
2020-02-03 13:47:29 INFO  DevTeamDataAggregator:69 - Development team data aggregated successfully
2020-02-03 13:47:29 INFO  QATeamDataAggregator:71 - QA team data aggregated successfully
2020-02-03 13:47:29 INFO  BaseMeasuresCalculator:44 - basemeasures calculated
2020-02-03 13:47:29 INFO  SetupParametersCalculator:89 - Setup parameters calculated successfully
2020-02-03 13:47:33 INFO  DQIDataProcessor:61 - Application started successfully
2020-02-03 13:47:33 INFO  JiraDevTeamDataReader:73 - jira collection reader running successfully
2020-02-03 13:47:33 INFO  QATeamDataReader:178 - QA team data has been read
2020-02-03 13:47:33 INFO  DevTeamDataAggregator:69 - Development team data aggregated successfully
2020-02-03 13:47:33 INFO  QATeamDataAggregator:71 - QA team data aggregated successfully
2020-02-03 13:47:33 INFO  BaseMeasuresCalculator:44 - basemeasures calculated
2020-02-03 13:47:33 INFO  SetupParametersCalculator:89 - Setup parameters calculated successfully
2020-02-03 13:47:33 INFO  DQIDataWriter:438 - Data written successfully in excel
2020-02-04 21:49:08 INFO  DQIAutomationApplication:31 - main class running successfully
2020-02-04 21:49:57 INFO  DQIAutomationApplication:31 - main class running successfully
2020-02-04 21:50:45 INFO  MainFrame:420 - JIRA File extension correct
2020-02-04 21:50:45 INFO  MainFrame:457 - QA File extension correct
2020-02-04 21:50:45 INFO  DQIDataProcessor:61 - Application started successfully
2020-02-04 21:50:45 INFO  JiraDevTeamDataReader:73 - jira collection reader running successfully
2020-02-04 21:50:46 INFO  QATeamDataReader:178 - QA team data has been read
2020-02-04 21:50:46 INFO  DevTeamDataAggregator:69 - Development team data aggregated successfully
2020-02-04 21:50:46 INFO  QATeamDataAggregator:71 - QA team data aggregated successfully
2020-02-04 21:50:46 INFO  BaseMeasuresCalculator:44 - basemeasures calculated
2020-02-04 21:50:46 INFO  SetupParametersCalculator:89 - Setup parameters calculated successfully
2020-02-04 21:51:02 INFO  DQIDataProcessor:61 - Application started successfully
2020-02-04 21:51:02 INFO  JiraDevTeamDataReader:73 - jira collection reader running successfully
2020-02-04 21:51:02 INFO  QATeamDataReader:178 - QA team data has been read
2020-02-04 21:51:02 INFO  DevTeamDataAggregator:69 - Development team data aggregated successfully
2020-02-04 21:51:02 INFO  QATeamDataAggregator:71 - QA team data aggregated successfully
2020-02-04 21:51:02 INFO  BaseMeasuresCalculator:44 - basemeasures calculated
2020-02-04 21:51:02 INFO  SetupParametersCalculator:89 - Setup parameters calculated successfully
2020-02-04 21:51:03 INFO  DQIDataWriter:438 - Data written successfully in excel
2020-02-04 21:51:37 INFO  GetDaysAndHours:170 - GetDaysAndHours class running successfully
2020-02-04 21:51:37 INFO  GetDaysAndHours:170 - GetDaysAndHours class running successfully
2020-02-04 21:51:37 INFO  GetDaysAndHours:170 - GetDaysAndHours class running successfully
2020-02-04 21:51:37 INFO  GetDaysAndHours:170 - GetDaysAndHours class running successfully
2020-02-04 21:51:37 INFO  GetDaysAndHours:170 - GetDaysAndHours class running successfully
2020-02-04 21:51:37 INFO  GetDaysAndHours:170 - GetDaysAndHours class running successfully
2020-02-04 21:51:37 INFO  GetDaysAndHours:170 - GetDaysAndHours class running successfully
2020-02-04 21:51:37 INFO  GetDaysAndHours:170 - GetDaysAndHours class running successfully
2020-02-04 21:51:37 INFO  GetDaysAndHours:170 - GetDaysAndHours class running successfully
2020-02-04 21:51:37 INFO  GetDaysAndHours:170 - GetDaysAndHours class running successfully
2020-02-04 21:51:37 INFO  GetDaysAndHours:170 - GetDaysAndHours class running successfully
2020-02-04 21:51:37 INFO  GetDaysAndHours:170 - GetDaysAndHours class running successfully
2020-02-04 21:51:37 INFO  GetDaysAndHours:170 - GetDaysAndHours class running successfully
2020-02-04 21:51:37 INFO  GetDaysAndHours:170 - GetDaysAndHours class running successfully
2020-02-04 21:51:37 INFO  GetDaysAndHours:170 - GetDaysAndHours class running successfully
2020-02-04 21:51:37 INFO  GetDaysAndHours:170 - GetDaysAndHours class running successfully
2020-02-04 21:51:37 INFO  GetDaysAndHours:170 - GetDaysAndHours class running successfully
2020-02-04 21:51:37 INFO  GetDaysAndHours:170 - GetDaysAndHours class running successfully
2020-02-04 21:51:37 INFO  GetDaysAndHours:170 - GetDaysAndHours class running successfully
2020-02-04 21:51:37 INFO  GetDaysAndHours:170 - GetDaysAndHours class running successfully
2020-02-04 21:51:37 INFO  GetDaysAndHours:170 - GetDaysAndHours class running successfully
2020-02-04 21:51:37 INFO  GetDaysAndHours:170 - GetDaysAndHours class running successfully
2020-02-04 21:51:37 INFO  GetDaysAndHours:170 - GetDaysAndHours class running successfully
2020-02-04 21:51:37 INFO  GetDaysAndHours:170 - GetDaysAndHours class running successfully
2020-02-04 21:51:37 INFO  GetDaysAndHours:170 - GetDaysAndHours class running successfully
2020-02-04 21:51:37 INFO  GetDaysAndHours:170 - GetDaysAndHours class running successfully
2020-02-04 21:51:37 INFO  GetDaysAndHours:170 - GetDaysAndHours class running successfully
2020-02-04 21:51:37 INFO  GetDaysAndHours:170 - GetDaysAndHours class running successfully
2020-02-04 21:51:37 INFO  GetDaysAndHours:170 - GetDaysAndHours class running successfully
2020-02-04 21:51:37 INFO  GetDaysAndHours:170 - GetDaysAndHours class running successfully
2020-02-04 21:51:37 INFO  GetDaysAndHours:170 - GetDaysAndHours class running successfully
2020-02-04 21:51:37 INFO  GetDaysAndHours:170 - GetDaysAndHours class running successfully
2020-02-04 21:51:37 INFO  GetDaysAndHours:170 - GetDaysAndHours class running successfully
2020-02-04 21:51:37 INFO  GetDaysAndHours:170 - GetDaysAndHours class running successfully
2020-02-04 21:51:37 INFO  GetDaysAndHours:170 - GetDaysAndHours class running successfully
2020-02-04 21:51:37 INFO  GetDaysAndHours:170 - GetDaysAndHours class running successfully
2020-02-04 21:51:37 INFO  GetDaysAndHours:170 - GetDaysAndHours class running successfully
2020-02-04 21:51:37 INFO  GetDaysAndHours:170 - GetDaysAndHours class running successfully
2020-02-04 21:51:37 INFO  GetDaysAndHours:170 - GetDaysAndHours class running successfully
2020-02-04 21:51:37 INFO  GetDaysAndHours:170 - GetDaysAndHours class running successfully
2020-02-04 21:51:37 INFO  GetDaysAndHours:170 - GetDaysAndHours class running successfully
2020-02-04 21:51:37 INFO  GetDaysAndHours:170 - GetDaysAndHours class running successfully
2020-02-04 21:51:37 INFO  GetDaysAndHours:170 - GetDaysAndHours class running successfully
2020-02-04 21:51:37 INFO  GetDaysAndHours:170 - GetDaysAndHours class running successfully
2020-02-04 21:51:37 INFO  GetDaysAndHours:170 - GetDaysAndHours class running successfully
2020-02-04 21:51:37 INFO  GetDaysAndHours:170 - GetDaysAndHours class running successfully
2020-02-04 21:51:37 INFO  GetDaysAndHours:170 - GetDaysAndHours class running successfully
2020-02-04 21:51:37 INFO  GetDaysAndHours:170 - GetDaysAndHours class running successfully
2020-02-04 21:51:37 INFO  GetDaysAndHours:170 - GetDaysAndHours class running successfully
2020-02-04 21:51:37 INFO  GetDaysAndHours:170 - GetDaysAndHours class running successfully
2020-02-04 21:51:37 INFO  GetDaysAndHours:170 - GetDaysAndHours class running successfully
2020-02-04 21:51:37 INFO  GetDaysAndHours:170 - GetDaysAndHours class running successfully
2020-02-04 21:51:37 INFO  GetDaysAndHours:170 - GetDaysAndHours class running successfully
2020-02-04 21:51:37 INFO  GetDaysAndHours:170 - GetDaysAndHours class running successfully
2020-02-04 21:51:37 INFO  GetDaysAndHours:170 - GetDaysAndHours class running successfully
2020-02-04 21:51:37 INFO  GetDaysAndHours:170 - GetDaysAndHours class running successfully
2020-02-04 21:51:37 INFO  GetDaysAndHours:170 - GetDaysAndHours class running successfully
2020-02-04 21:51:37 INFO  GetDaysAndHours:170 - GetDaysAndHours class running successfully
2020-02-04 21:51:37 INFO  GetDaysAndHours:170 - GetDaysAndHours class running successfully
2020-02-04 21:51:37 INFO  GetDaysAndHours:170 - GetDaysAndHours class running successfully
2020-02-04 21:51:37 INFO  GetDaysAndHours:170 - GetDaysAndHours class running successfully
2020-02-04 21:51:37 INFO  GetDaysAndHours:170 - GetDaysAndHours class running successfully
2020-02-04 21:51:37 INFO  GetDaysAndHours:170 - GetDaysAndHours class running successfully
2020-02-04 21:51:37 INFO  GetDaysAndHours:170 - GetDaysAndHours class running successfully
2020-02-04 21:51:37 INFO  GetDaysAndHours:170 - GetDaysAndHours class running successfully
2020-02-04 21:51:37 INFO  GetDaysAndHours:170 - GetDaysAndHours class running successfully
2020-02-04 21:51:37 INFO  GetDaysAndHours:170 - GetDaysAndHours class running successfully
2020-02-04 21:51:37 INFO  GetDaysAndHours:170 - GetDaysAndHours class running successfully
2020-02-04 21:51:37 INFO  GetDaysAndHours:170 - GetDaysAndHours class running successfully
2020-02-04 21:51:37 INFO  GetDaysAndHours:170 - GetDaysAndHours class running successfully
2020-02-04 21:51:37 INFO  GetDaysAndHours:170 - GetDaysAndHours class running successfully
2020-02-04 21:51:48 INFO  BurnDownChartSaveFrame:88 - Save frame working.
2020-02-04 22:08:12 INFO  DQIAutomationApplication:31 - main class running successfully
2020-02-04 22:08:30 INFO  DQIAutomationApplication:31 - main class running successfully
2020-02-04 22:09:21 INFO  DQIAutomationApplication:31 - main class running successfully
2020-02-04 22:11:33 INFO  DQIAutomationApplication:31 - main class running successfully
2020-02-04 22:13:02 INFO  DQIAutomationApplication:31 - main class running successfully
2020-02-04 22:14:31 INFO  DQIAutomationApplication:31 - main class running successfully
2020-02-04 22:17:40 INFO  DQIAutomationApplication:31 - main class running successfully
2020-02-04 22:18:20 INFO  DQIAutomationApplication:31 - main class running successfully
2020-02-05 10:41:51 INFO  DQIAutomationApplication:31 - main class running successfully
2020-02-05 10:55:01 INFO  DQIAutomationApplication:31 - main class running successfully
2020-02-05 10:56:33 INFO  MainFrame:396 - JIRA File extension correct
2020-02-05 10:56:33 INFO  MainFrame:433 - QA File extension correct
2020-02-05 10:56:33 INFO  DQIDataProcessor:61 - Application started successfully
2020-02-05 10:56:33 INFO  JiraDevTeamDataReader:73 - jira collection reader running successfully
2020-02-05 10:56:33 INFO  QATeamDataReader:178 - QA team data has been read
2020-02-05 10:56:33 INFO  DevTeamDataAggregator:69 - Development team data aggregated successfully
2020-02-05 10:56:33 INFO  QATeamDataAggregator:71 - QA team data aggregated successfully
2020-02-05 10:56:33 INFO  BaseMeasuresCalculator:44 - basemeasures calculated
2020-02-05 10:56:33 INFO  SetupParametersCalculator:89 - Setup parameters calculated successfully
2020-02-05 10:56:40 INFO  DQIDataProcessor:61 - Application started successfully
2020-02-05 10:56:40 INFO  JiraDevTeamDataReader:73 - jira collection reader running successfully
2020-02-05 10:56:40 INFO  QATeamDataReader:178 - QA team data has been read
2020-02-05 10:56:40 INFO  DevTeamDataAggregator:69 - Development team data aggregated successfully
2020-02-05 10:56:40 INFO  QATeamDataAggregator:71 - QA team data aggregated successfully
2020-02-05 10:56:40 INFO  BaseMeasuresCalculator:44 - basemeasures calculated
2020-02-05 10:56:40 INFO  SetupParametersCalculator:89 - Setup parameters calculated successfully
2020-02-05 10:56:40 INFO  DQIDataWriter:438 - Data written successfully in excel
2020-02-05 11:03:47 INFO  DQIAutomationApplication:31 - main class running successfully
2020-02-05 11:04:24 INFO  MainFrame:396 - JIRA File extension correct
2020-02-05 11:04:24 INFO  MainFrame:433 - QA File extension correct
2020-02-05 11:04:24 INFO  DQIDataProcessor:61 - Application started successfully
2020-02-05 11:04:24 INFO  JiraDevTeamDataReader:73 - jira collection reader running successfully
2020-02-05 11:04:24 INFO  QATeamDataReader:178 - QA team data has been read
2020-02-05 11:04:24 INFO  DevTeamDataAggregator:69 - Development team data aggregated successfully
2020-02-05 11:04:24 INFO  QATeamDataAggregator:71 - QA team data aggregated successfully
2020-02-05 11:04:24 INFO  BaseMeasuresCalculator:44 - basemeasures calculated
2020-02-05 11:04:24 INFO  SetupParametersCalculator:89 - Setup parameters calculated successfully
2020-02-05 11:04:31 INFO  DQIDataProcessor:61 - Application started successfully
2020-02-05 11:04:31 INFO  JiraDevTeamDataReader:73 - jira collection reader running successfully
2020-02-05 11:04:31 INFO  QATeamDataReader:178 - QA team data has been read
2020-02-05 11:04:31 INFO  DevTeamDataAggregator:69 - Development team data aggregated successfully
2020-02-05 11:04:31 INFO  QATeamDataAggregator:71 - QA team data aggregated successfully
2020-02-05 11:04:31 INFO  BaseMeasuresCalculator:44 - basemeasures calculated
2020-02-05 11:04:31 INFO  SetupParametersCalculator:89 - Setup parameters calculated successfully
2020-02-05 11:04:31 INFO  DQIDataWriter:440 - Data written successfully in excel
2020-02-05 13:12:01 INFO  DQIAutomationApplication:31 - main class running successfully
2020-02-05 14:43:44 INFO  DQIAutomationApplication:31 - main class running successfully
2020-02-05 15:24:46 INFO  DQIAutomationApplication:31 - main class running successfully
2020-02-05 15:25:38 INFO  MainFrame:442 - JIRA File extension correct
2020-02-05 15:25:38 INFO  MainFrame:479 - QA File extension correct
2020-02-05 15:25:38 INFO  DQIDataProcessor:61 - Application started successfully
2020-02-05 15:25:38 INFO  JiraDevTeamDataReader:73 - jira collection reader running successfully
2020-02-05 15:25:39 INFO  QATeamDataReader:178 - QA team data has been read
2020-02-05 15:25:39 INFO  DevTeamDataAggregator:69 - Development team data aggregated successfully
2020-02-05 15:25:39 INFO  QATeamDataAggregator:71 - QA team data aggregated successfully
2020-02-05 15:25:39 INFO  BaseMeasuresCalculator:44 - basemeasures calculated
2020-02-05 15:25:39 INFO  SetupParametersCalculator:89 - Setup parameters calculated successfully
2020-02-05 15:25:45 INFO  DQIDataProcessor:61 - Application started successfully
2020-02-05 15:25:45 INFO  JiraDevTeamDataReader:73 - jira collection reader running successfully
2020-02-05 15:25:45 INFO  QATeamDataReader:178 - QA team data has been read
2020-02-05 15:25:45 INFO  DevTeamDataAggregator:69 - Development team data aggregated successfully
2020-02-05 15:25:45 INFO  QATeamDataAggregator:71 - QA team data aggregated successfully
2020-02-05 15:25:45 INFO  BaseMeasuresCalculator:44 - basemeasures calculated
2020-02-05 15:25:45 INFO  SetupParametersCalculator:89 - Setup parameters calculated successfully
2020-02-05 15:25:45 INFO  DQIDataWriter:440 - Data written successfully in excel
2020-02-05 15:26:40 INFO  DQIAutomationApplication:31 - main class running successfully
=======
2020-02-05 16:17:31 INFO  DQIAutomationApplication:31 - main class running successfully
2020-02-05 16:20:36 INFO  DQIAutomationApplication:31 - main class running successfully
2020-02-05 16:21:49 INFO  DQIAutomationApplication:31 - main class running successfully
2020-02-05 16:22:52 INFO  DQIAutomationApplication:31 - main class running successfully
2020-02-05 16:25:32 INFO  DQIAutomationApplication:31 - main class running successfully
2020-02-05 17:25:18 INFO  DQIAutomationApplication:31 - main class running successfully
>>>>>>> 8190c948fb55bf6d30ae18c5b4d04875b188a73c
2020-02-06 10:43:37 INFO  DQIAutomationApplication:31 - main class running successfully
2020-02-06 10:56:31 INFO  DQIAutomationApplication:31 - main class running successfully
2020-02-06 10:56:54 INFO  MainFrame:447 - JIRA File extension correct
2020-02-06 10:56:54 INFO  MainFrame:484 - QA File extension correct
2020-02-06 10:56:54 INFO  DQIDataProcessor:61 - Application started successfully
2020-02-06 10:56:54 INFO  JiraDevTeamDataReader:73 - jira collection reader running successfully
2020-02-06 10:56:55 INFO  QATeamDataReader:178 - QA team data has been read
2020-02-06 10:56:55 INFO  DevTeamDataAggregator:69 - Development team data aggregated successfully
2020-02-06 10:56:55 INFO  QATeamDataAggregator:71 - QA team data aggregated successfully
2020-02-06 10:56:55 INFO  BaseMeasuresCalculator:44 - basemeasures calculated
2020-02-06 10:56:55 INFO  SetupParametersCalculator:89 - Setup parameters calculated successfully
2020-02-06 10:57:07 INFO  DQIDataProcessor:61 - Application started successfully
2020-02-06 10:57:07 INFO  JiraDevTeamDataReader:73 - jira collection reader running successfully
2020-02-06 10:57:07 INFO  QATeamDataReader:178 - QA team data has been read
2020-02-06 10:57:07 INFO  DevTeamDataAggregator:69 - Development team data aggregated successfully
2020-02-06 10:57:07 INFO  QATeamDataAggregator:71 - QA team data aggregated successfully
2020-02-06 10:57:07 INFO  BaseMeasuresCalculator:44 - basemeasures calculated
2020-02-06 10:57:07 INFO  SetupParametersCalculator:89 - Setup parameters calculated successfully
2020-02-06 10:57:08 INFO  DQIDataWriter:448 - Data written successfully in excel
2020-02-06 11:13:10 INFO  DQIAutomationApplication:31 - main class running successfully
2020-02-06 11:13:52 INFO  MainFrame:447 - JIRA File extension correct
2020-02-06 11:13:52 INFO  MainFrame:484 - QA File extension correct
2020-02-06 11:13:52 INFO  DQIDataProcessor:61 - Application started successfully
2020-02-06 11:13:53 INFO  JiraDevTeamDataReader:73 - jira collection reader running successfully
2020-02-06 11:13:53 INFO  QATeamDataReader:178 - QA team data has been read
2020-02-06 11:13:53 INFO  DevTeamDataAggregator:69 - Development team data aggregated successfully
2020-02-06 11:13:53 INFO  QATeamDataAggregator:71 - QA team data aggregated successfully
2020-02-06 11:13:53 INFO  BaseMeasuresCalculator:44 - basemeasures calculated
2020-02-06 11:13:53 INFO  SetupParametersCalculator:89 - Setup parameters calculated successfully
2020-02-06 11:14:06 INFO  DQIDataProcessor:61 - Application started successfully
2020-02-06 11:14:06 INFO  JiraDevTeamDataReader:73 - jira collection reader running successfully
2020-02-06 11:14:06 INFO  QATeamDataReader:178 - QA team data has been read
2020-02-06 11:14:06 INFO  DevTeamDataAggregator:69 - Development team data aggregated successfully
2020-02-06 11:14:06 INFO  QATeamDataAggregator:71 - QA team data aggregated successfully
2020-02-06 11:14:06 INFO  BaseMeasuresCalculator:44 - basemeasures calculated
2020-02-06 11:14:06 INFO  SetupParametersCalculator:89 - Setup parameters calculated successfully
2020-02-06 11:14:06 INFO  DQIDataWriter:457 - Data written successfully in excel
2020-02-06 11:40:18 INFO  DQIAutomationApplication:31 - main class running successfully
2020-02-06 11:40:55 INFO  MainFrame:446 - JIRA File extension correct
2020-02-06 11:40:55 INFO  MainFrame:483 - QA File extension correct
2020-02-06 11:40:55 INFO  DQIDataProcessor:61 - Application started successfully
2020-02-06 11:40:55 INFO  JiraDevTeamDataReader:73 - jira collection reader running successfully
2020-02-06 11:40:56 INFO  QATeamDataReader:178 - QA team data has been read
2020-02-06 11:40:56 INFO  DevTeamDataAggregator:69 - Development team data aggregated successfully
2020-02-06 11:40:56 INFO  QATeamDataAggregator:71 - QA team data aggregated successfully
2020-02-06 11:40:56 INFO  BaseMeasuresCalculator:44 - basemeasures calculated
2020-02-06 11:40:56 INFO  SetupParametersCalculator:89 - Setup parameters calculated successfully
2020-02-06 11:40:59 INFO  DQIDataProcessor:61 - Application started successfully
2020-02-06 11:40:59 INFO  JiraDevTeamDataReader:73 - jira collection reader running successfully
2020-02-06 11:40:59 INFO  QATeamDataReader:178 - QA team data has been read
2020-02-06 11:40:59 INFO  DevTeamDataAggregator:69 - Development team data aggregated successfully
2020-02-06 11:40:59 INFO  QATeamDataAggregator:71 - QA team data aggregated successfully
2020-02-06 11:40:59 INFO  BaseMeasuresCalculator:44 - basemeasures calculated
2020-02-06 11:40:59 INFO  SetupParametersCalculator:89 - Setup parameters calculated successfully
2020-02-06 11:40:59 INFO  DQIDataWriter:457 - Data written successfully in excel
